<?xml version="1.0" encoding="UTF-8"?>
<!-- Generated by org.testng.reporters.JUnitXMLReporter -->
<testsuite ignored="1" hostname="VLz" failures="1" tests="1" name="Calculator Test" time="17.34" errors="0" timestamp="2025-07-29T21:31:07 WIB">
  <testcase classname="com.zonakode.appium.InventoryTest" name="TC0008" time="17.295">
    <failure type="java.lang.NullPointerException" message="Cannot invoke &amp;quot;com.zonakode.appium.components.HeaderComponent.getTotalByOne()&amp;quot; because &amp;quot;this.headerComponent&amp;quot; is null">
      <![CDATA[java.lang.NullPointerException: Cannot invoke "com.zonakode.appium.components.HeaderComponent.getTotalByOne()" because "this.headerComponent" is null
at com.zonakode.appium.screens.InventoryScreen.getTotalCart(InventoryScreen.java:42)
at com.zonakode.appium.InventoryTest.TC0008(InventoryTest.java:59)
at java.base/java.util.ArrayList.forEach(ArrayList.java:1604)
... Removed 29 stack frames]]>
    </failure>
  </testcase> <!-- TC0008 -->
  <testcase classname="com.zonakode.appium.InventoryTest" name="TC007" time="0.0">
    <ignored/>
  </testcase> <!-- TC007 -->
</testsuite> <!-- Calculator Test -->
