<?xml version="1.0" encoding="UTF-8"?>
<testng-results ignored="0" total="1" passed="1" failed="0" skipped="0">
  <reporter-output>
  </reporter-output>
  <suite started-at="2025-08-14T14:42:52 WIB" name="Google SDET Suite" finished-at="2025-08-14T14:43:08 WIB" duration-ms="15597">
    <groups>
    </groups>
    <test started-at="2025-08-14T14:42:52 WIB" name="Calculator Test" finished-at="2025-08-14T14:43:08 WIB" duration-ms="15597">
      <class name="com.zonakode.appium.DetailInventoryTest">
        <test-method signature="TC_SauceLabsZoomTest()[pri:0, instance:com.zonakode.appium.DetailInventoryTest@7ed7259e]" started-at="2025-08-14T14:42:53 WIB" name="TC_SauceLabsZoomTest" finished-at="2025-08-14T14:43:08 WIB" duration-ms="15556" status="PASS">
          <reporter-output>
          </reporter-output>
        </test-method> <!-- TC_SauceLabsZoomTest -->
      </class> <!-- com.zonakode.appium.DetailInventoryTest -->
    </test> <!-- Calculator Test -->
  </suite> <!-- Google SDET Suite -->
</testng-results>
